-------------------------------------------------------------------------------
Test set: com.leecottrell.selenium1.AppTest
-------------------------------------------------------------------------------
Tests run: 1, Failures: 1, Errors: 0, Skipped: 0, Time elapsed: 15.167 s <<< FAILURE! - in com.leecottrell.selenium1.AppTest
com.leecottrell.selenium1.AppTest.testPause  Time elapsed: 6.756 s  <<< FAILURE!
org.junit.ComparisonFailure: Title is bad expected:<Lee Cot[]rell> but was:<Lee Cot[t]rell>
	at com.leecottrell.selenium1.AppTest.testPause(AppTest.java:61)

